app/build/app/intermediates/proguard-rules/release/aapt_rules.txt
# Referenced at release/arm64-v8a/AndroidManifest.xml:21
-keep class androidx.core.app.CoreComponentFactory { <init>(); }
# Referenced at release/arm64-v8a/AndroidManifest.xml:21
-keep class io.flutter.app.FlutterApplication { <init>(); }
# Referenced at release/arm64-v8a/AndroidManifest.xml:47
-keep class io.flutter.plugins.urllauncher.WebViewActivity { <init>(); }
# Referenced at release/arm64-v8a/AndroidManifest.xml:26
-keep class io.github.jerilmj.statscov_19.MainActivity { <init>(); }