app/build/app/outputs/mapping/release/mapping.txt
# compiler: R8
# compiler_version: 1.5.64
# min_api: 16
# pg_map_id: 2f29075
...
androidx.fragment.app.FragmentManagerImpl$3 -> androidx.fragment.app.i$c:
    android.view.ViewGroup val$container -> a
    androidx.fragment.app.FragmentManagerImpl this$0 -> c
    androidx.fragment.app.Fragment val$fragment -> b
androidx.fragment.app.FragmentManagerImpl$3$1 -> androidx.fragment.app.i$c$a:
    androidx.fragment.app.FragmentManagerImpl$3 this$1 -> a
androidx.fragment.app.FragmentManagerImpl$4 -> androidx.fragment.app.i$d:
    android.view.ViewGroup val$container -> a
    androidx.fragment.app.FragmentManagerImpl this$0 -> d
    android.view.View val$viewToAnimate -> b
    androidx.fragment.app.Fragment val$fragment -> c
androidx.fragment.app.FragmentManagerImpl$5 -> androidx.fragment.app.i$e:
    android.view.ViewGroup val$container -> a
    android.view.View val$animatingView -> b
    androidx.fragment.app.Fragment val$fragment -> c
androidx.fragment.app.FragmentManagerImpl$6 -> androidx.fragment.app.i$f:
    androidx.fragment.app.FragmentManagerImpl this$0 -> b
    androidx.fragment.app.Fragment instantiate(java.lang.ClassLoader,java.lang.String) -> a
androidx.fragment.app.FragmentManagerImpl$AnimationOrAnimator -> androidx.fragment.app.i$g:
    android.view.animation.Animation animation -> a
    android.animation.Animator animator -> b
androidx.fragment.app.FragmentManagerImpl$EndViewTransitionAnimation -> androidx.fragment.app.i$h:
    android.view.ViewGroup mParent -> a
    boolean mAnimating -> e
    android.view.View mChild -> b
    boolean mEnded -> c
    boolean mTransitionEnded -> d
androidx.fragment.app.FragmentManagerImpl$FragmentLifecycleCallbacksHolder -> androidx.fragment.app.i$i:
    boolean mRecursive -> b
    androidx.fragment.app.FragmentManager$FragmentLifecycleCallbacks mCallback -> a
androidx.fragment.app.FragmentManagerImpl$FragmentTag -> androidx.fragment.app.i$j:
    int[] Fragment -> a
androidx.fragment.app.FragmentManagerImpl$OpGenerator -> androidx.fragment.app.i$k:
    boolean generateOps(java.util.ArrayList,java.util.ArrayList) -> a
androidx.fragment.app.FragmentManagerImpl$StartEnterTransitionListener -> androidx.fragment.app.i$l:
    boolean mIsBack -> a
    int mNumPostponed -> c
    androidx.fragment.app.BackStackRecord mRecord -> b
    void onStartEnterTransition() -> a
    void startListening() -> b
    void cancelTransaction() -> c
    void completeTransaction() -> d
    boolean isReady() -> e
androidx.fragment.app.FragmentManagerState -> androidx.fragment.app.j:
    int mNextFragmentIndex -> e
    androidx.fragment.app.BackStackState[] mBackStack -> c
    java.util.ArrayList mAdded -> b
    java.util.ArrayList mActive -> a
    java.lang.String mPrimaryNavActiveWho -> d
androidx.fragment.app.FragmentManagerState$1 -> androidx.fragment.app.j$a:
androidx.fragment.app.FragmentManagerViewModel -> androidx.fragment.app.k:
    androidx.lifecycle.ViewModelProvider$Factory FACTORY -> h
    java.util.HashSet mRetainedFragments -> b
    boolean mStateAutomaticallySaved -> e
    boolean mHasBeenCleared -> f
    boolean mHasSavedSnapshot -> g
    java.util.HashMap mViewModelStores -> d
    java.util.HashMap mChildNonConfigs -> c
    boolean addRetainedFragment(androidx.fragment.app.Fragment) -> a
    androidx.fragment.app.FragmentManagerViewModel getInstance(androidx.lifecycle.ViewModelStore) -> a
    void clearNonConfigState(androidx.fragment.app.Fragment) -> b
    void onCleared() -> b
    androidx.fragment.app.FragmentManagerViewModel getChildNonConfig(androidx.fragment.app.Fragment) -> c
    java.util.Collection getRetainedFragments() -> c
    androidx.lifecycle.ViewModelStore getViewModelStore(androidx.fragment.app.Fragment) -> d
    boolean isCleared() -> d
    boolean removeRetainedFragment(androidx.fragment.app.Fragment) -> e
    boolean shouldDestroy(androidx.fragment.app.Fragment) -> f
androidx.fragment.app.FragmentManagerViewModel$1 -> androidx.fragment.app.k$a:
    androidx.lifecycle.ViewModel create(java.lang.Class) -> a